<?xml version="1.0" encoding="UTF-8"?>
<!-- Generated by org.testng.reporters.JUnitXMLReporter -->
<testsuite hostname="star-PC" name="AddCust" tests="1" failures="1" timestamp="6 May 2018 11:47:37 GMT" time="1.478" errors="0">
  <testcase name="addcustomer" time="0.915" classname="testcases.AddCustTest">
    <failure type="java.lang.IllegalArgumentException" message="Cannot find elements when the CSS selector is null.">
      <![CDATA[java.lang.IllegalArgumentException: Cannot find elements when the CSS selector is null.
	at org.openqa.selenium.By.cssSelector(By.java:145)
	at testcases.AddCustTest.addcustomer(AddCustTest.java:18)
... Removed 24 stack frames]]>
    </failure>
  </testcase> <!-- addcustomer -->
</testsuite> <!-- AddCust -->
