<?xml version="1.0" encoding="UTF-8"?>
<!-- Generated by org.testng.reporters.JUnitXMLReporter -->
<testsuite hostname="star-PC" name="LoginTest" tests="1" failures="1" timestamp="6 May 2018 11:47:36 GMT" time="3.056" errors="0">
  <testcase name="loginasBanker" time="1.236" classname="testcases.LoginTest">
    <failure type="java.lang.AssertionError" message="fail">
      <![CDATA[java.lang.AssertionError: fail
	at testcases.LoginTest.loginasBanker(LoginTest.java:19)
... Removed 25 stack frames]]>
    </failure>
  </testcase> <!-- loginasBanker -->
</testsuite> <!-- LoginTest -->
