<?xml version="1.0" encoding="UTF-8"?>
<testng-results skipped="0" failed="0" total="2" passed="2">
  <reporter-output>
    <line>
      <![CDATA[fist test pass]]>
    </line>
    <line>
      <![CDATA[second test pass]]>
    </line>
  </reporter-output>
  <suite name="Data Driven" duration-ms="14867" started-at="2018-05-07T14:37:49Z" finished-at="2018-05-07T14:38:04Z">
    <groups>
    </groups>
    <test name="LoginTest" duration-ms="4962" started-at="2018-05-07T14:37:49Z" finished-at="2018-05-07T14:37:54Z">
      <class name="testcases.LoginTest">
        <test-method status="PASS" signature="loginasBanker()[pri:0, instance:testcases.LoginTest@139982de]" name="loginasBanker" duration-ms="1730" started-at="2018-05-07T20:07:49Z" finished-at="2018-05-07T20:07:51Z">
          <reporter-output>
            <line>
              <![CDATA[fist test pass]]>
            </line>
          </reporter-output>
        </test-method> <!-- loginasBanker -->
      </class> <!-- testcases.LoginTest -->
    </test> <!-- LoginTest -->
    <test name="AddCust" duration-ms="9202" started-at="2018-05-07T14:37:55Z" finished-at="2018-05-07T14:38:04Z">
      <class name="testcases.AddCustTest">
        <test-method status="PASS" signature="setUp()[pri:0, instance:testcases.AddCustTest@1a677343]" name="setUp" is-config="true" duration-ms="70948" started-at="2018-05-07T20:06:38Z" finished-at="2018-05-07T20:07:49Z">
          <reporter-output>
          </reporter-output>
        </test-method> <!-- setUp -->
        <test-method status="PASS" signature="addcustomer(java.lang.String, java.lang.String, java.lang.String)[pri:0, instance:testcases.AddCustTest@1a677343]" name="addcustomer" duration-ms="8143" started-at="2018-05-07T20:07:56Z" data-provider="getData" finished-at="2018-05-07T20:08:04Z">
          <params>
            <param index="0">
              <value>
                <![CDATA[jaya]]>
              </value>
            </param>
            <param index="1">
              <value>
                <![CDATA[shukla]]>
              </value>
            </param>
            <param index="2">
              <value>
                <![CDATA[412308.0]]>
              </value>
            </param>
          </params>
          <reporter-output>
            <line>
              <![CDATA[second test pass]]>
            </line>
          </reporter-output>
        </test-method> <!-- addcustomer -->
        <test-method status="PASS" signature="tearDown()[pri:0, instance:testcases.AddCustTest@1a677343]" name="tearDown" is-config="true" duration-ms="891" started-at="2018-05-07T20:08:04Z" finished-at="2018-05-07T20:08:05Z">
          <reporter-output>
          </reporter-output>
        </test-method> <!-- tearDown -->
      </class> <!-- testcases.AddCustTest -->
    </test> <!-- AddCust -->
  </suite> <!-- Data Driven -->
</testng-results>
