<?xml version="1.0" encoding="UTF-8"?>
<testng-results skipped="0" failed="0" total="2" passed="2">
  <reporter-output>
    <line>
      <![CDATA[fist test pass]]>
    </line>
    <line>
      <![CDATA[second test pass]]>
    </line>
  </reporter-output>
  <suite name="Data Driven" duration-ms="34333" started-at="2018-05-15T01:33:40Z" finished-at="2018-05-15T01:34:14Z">
    <groups>
    </groups>
    <test name="LoginTest" duration-ms="34333" started-at="2018-05-15T01:33:40Z" finished-at="2018-05-15T01:34:14Z">
      <class name="testcases.AddCustTest">
        <test-method status="PASS" signature="AddCustTest1(java.lang.String, java.lang.String, java.lang.String)[pri:0, instance:testcases.AddCustTest@239105a8]" name="AddCustTest1" duration-ms="8539" started-at="2018-05-15T07:04:05Z" data-provider="dp" finished-at="2018-05-15T07:04:14Z">
          <params>
            <param index="0">
              <value>
                <![CDATA[jaya]]>
              </value>
            </param>
            <param index="1">
              <value>
                <![CDATA[shukla]]>
              </value>
            </param>
            <param index="2">
              <value>
                <![CDATA[412308.0]]>
              </value>
            </param>
          </params>
          <reporter-output>
            <line>
              <![CDATA[second test pass]]>
            </line>
          </reporter-output>
        </test-method> <!-- AddCustTest1 -->
      </class> <!-- testcases.AddCustTest -->
      <class name="testcases.LoginTest">
        <test-method status="PASS" signature="setUp()[pri:0, instance:testcases.LoginTest@72ade7e3]" name="setUp" is-config="true" duration-ms="99676" started-at="2018-05-15T07:02:00Z" finished-at="2018-05-15T07:03:40Z">
          <reporter-output>
          </reporter-output>
        </test-method> <!-- setUp -->
        <test-method status="PASS" signature="loginasBanker()[pri:0, instance:testcases.LoginTest@72ade7e3]" name="loginasBanker" duration-ms="14179" started-at="2018-05-15T07:03:40Z" finished-at="2018-05-15T07:03:54Z">
          <reporter-output>
            <line>
              <![CDATA[fist test pass]]>
            </line>
          </reporter-output>
        </test-method> <!-- loginasBanker -->
        <test-method status="PASS" signature="tearDown()[pri:0, instance:testcases.LoginTest@72ade7e3]" name="tearDown" is-config="true" duration-ms="1" started-at="2018-05-15T07:04:17Z" finished-at="2018-05-15T07:04:17Z">
          <reporter-output>
          </reporter-output>
        </test-method> <!-- tearDown -->
      </class> <!-- testcases.LoginTest -->
    </test> <!-- LoginTest -->
  </suite> <!-- Data Driven -->
</testng-results>
